

Started GET "/" for 127.0.0.1 at 2014-04-11 16:06:51 +0200
Processing by Rails::WelcomeController#index as HTML
  Rendered /home/gustav/.rvm/gems/ruby-1.9.3-p392/gems/railties-4.0.4/lib/rails/templates/rails/welcome/index.html.erb (1.6ms)
Completed 200 OK in 35ms (Views: 21.2ms | ActiveRecord: 0.0ms)


Started GET "/" for 127.0.0.1 at 2014-04-11 16:07:24 +0200
Processing by Rails::WelcomeController#index as HTML
  Rendered /home/gustav/.rvm/gems/ruby-1.9.3-p392/gems/railties-4.0.4/lib/rails/templates/rails/welcome/index.html.erb (0.1ms)
Completed 200 OK in 3ms (Views: 2.1ms | ActiveRecord: 0.0ms)


Started GET "/" for 127.0.0.1 at 2014-04-11 16:07:47 +0200

ActionController::RoutingError (uninitialized constant WelcomeController):
  activesupport (4.0.4) lib/active_support/inflector/methods.rb:226:in `const_get'
  activesupport (4.0.4) lib/active_support/inflector/methods.rb:226:in `block in constantize'
  activesupport (4.0.4) lib/active_support/inflector/methods.rb:224:in `each'
  activesupport (4.0.4) lib/active_support/inflector/methods.rb:224:in `inject'
  activesupport (4.0.4) lib/active_support/inflector/methods.rb:224:in `constantize'
  actionpack (4.0.4) lib/action_dispatch/routing/route_set.rb:76:in `controller_reference'
  actionpack (4.0.4) lib/action_dispatch/routing/route_set.rb:66:in `controller'
  actionpack (4.0.4) lib/action_dispatch/routing/route_set.rb:44:in `call'
  actionpack (4.0.4) lib/action_dispatch/journey/router.rb:71:in `block in call'
  actionpack (4.0.4) lib/action_dispatch/journey/router.rb:59:in `each'
  actionpack (4.0.4) lib/action_dispatch/journey/router.rb:59:in `call'
  actionpack (4.0.4) lib/action_dispatch/routing/route_set.rb:674:in `call'
  rack (1.5.2) lib/rack/etag.rb:23:in `call'
  rack (1.5.2) lib/rack/conditionalget.rb:25:in `call'
  rack (1.5.2) lib/rack/head.rb:11:in `call'
  actionpack (4.0.4) lib/action_dispatch/middleware/params_parser.rb:27:in `call'
  actionpack (4.0.4) lib/action_dispatch/middleware/flash.rb:241:in `call'
  rack (1.5.2) lib/rack/session/abstract/id.rb:225:in `context'
  rack (1.5.2) lib/rack/session/abstract/id.rb:220:in `call'
  actionpack (4.0.4) lib/action_dispatch/middleware/cookies.rb:486:in `call'
  activerecord (4.0.4) lib/active_record/query_cache.rb:36:in `call'
  activerecord (4.0.4) lib/active_record/connection_adapters/abstract/connection_pool.rb:626:in `call'
  activerecord (4.0.4) lib/active_record/migration.rb:373:in `call'
  actionpack (4.0.4) lib/action_dispatch/middleware/callbacks.rb:29:in `block in call'
  activesupport (4.0.4) lib/active_support/callbacks.rb:373:in `_run__1427611503982371850__call__callbacks'
  activesupport (4.0.4) lib/active_support/callbacks.rb:80:in `run_callbacks'
  actionpack (4.0.4) lib/action_dispatch/middleware/callbacks.rb:27:in `call'
  actionpack (4.0.4) lib/action_dispatch/middleware/reloader.rb:64:in `call'
  actionpack (4.0.4) lib/action_dispatch/middleware/remote_ip.rb:76:in `call'
  actionpack (4.0.4) lib/action_dispatch/middleware/debug_exceptions.rb:17:in `call'
  actionpack (4.0.4) lib/action_dispatch/middleware/show_exceptions.rb:30:in `call'
  railties (4.0.4) lib/rails/rack/logger.rb:38:in `call_app'
  railties (4.0.4) lib/rails/rack/logger.rb:20:in `block in call'
  activesupport (4.0.4) lib/active_support/tagged_logging.rb:68:in `block in tagged'
  activesupport (4.0.4) lib/active_support/tagged_logging.rb:26:in `tagged'
  activesupport (4.0.4) lib/active_support/tagged_logging.rb:68:in `tagged'
  railties (4.0.4) lib/rails/rack/logger.rb:20:in `call'
  actionpack (4.0.4) lib/action_dispatch/middleware/request_id.rb:21:in `call'
  rack (1.5.2) lib/rack/methodoverride.rb:21:in `call'
  rack (1.5.2) lib/rack/runtime.rb:17:in `call'
  activesupport (4.0.4) lib/active_support/cache/strategy/local_cache.rb:83:in `call'
  rack (1.5.2) lib/rack/lock.rb:17:in `call'
  actionpack (4.0.4) lib/action_dispatch/middleware/static.rb:64:in `call'
  rack (1.5.2) lib/rack/sendfile.rb:112:in `call'
  railties (4.0.4) lib/rails/engine.rb:511:in `call'
  railties (4.0.4) lib/rails/application.rb:97:in `call'
  rack (1.5.2) lib/rack/lock.rb:17:in `call'
  rack (1.5.2) lib/rack/content_length.rb:14:in `call'
  rack (1.5.2) lib/rack/handler/webrick.rb:60:in `service'
  /home/gustav/.rvm/rubies/ruby-1.9.3-p392/lib/ruby/1.9.1/webrick/httpserver.rb:138:in `service'
  /home/gustav/.rvm/rubies/ruby-1.9.3-p392/lib/ruby/1.9.1/webrick/httpserver.rb:94:in `run'
  /home/gustav/.rvm/rubies/ruby-1.9.3-p392/lib/ruby/1.9.1/webrick/server.rb:191:in `block in start_thread'


  Rendered /home/gustav/.rvm/gems/ruby-1.9.3-p392/gems/actionpack-4.0.4/lib/action_dispatch/middleware/templates/rescues/_trace.erb (0.9ms)
  Rendered /home/gustav/.rvm/gems/ruby-1.9.3-p392/gems/actionpack-4.0.4/lib/action_dispatch/middleware/templates/routes/_route.html.erb (0.6ms)
  Rendered /home/gustav/.rvm/gems/ruby-1.9.3-p392/gems/actionpack-4.0.4/lib/action_dispatch/middleware/templates/routes/_table.html.erb (22.6ms)
  Rendered /home/gustav/.rvm/gems/ruby-1.9.3-p392/gems/actionpack-4.0.4/lib/action_dispatch/middleware/templates/rescues/routing_error.erb within rescues/layout (35.7ms)


Started GET "/" for 127.0.0.1 at 2014-04-11 16:07:48 +0200

ActionController::RoutingError (uninitialized constant WelcomeController):
  activesupport (4.0.4) lib/active_support/inflector/methods.rb:226:in `const_get'
  activesupport (4.0.4) lib/active_support/inflector/methods.rb:226:in `block in constantize'
  activesupport (4.0.4) lib/active_support/inflector/methods.rb:224:in `each'
  activesupport (4.0.4) lib/active_support/inflector/methods.rb:224:in `inject'
  activesupport (4.0.4) lib/active_support/inflector/methods.rb:224:in `constantize'
  actionpack (4.0.4) lib/action_dispatch/routing/route_set.rb:76:in `controller_reference'
  actionpack (4.0.4) lib/action_dispatch/routing/route_set.rb:66:in `controller'
  actionpack (4.0.4) lib/action_dispatch/routing/route_set.rb:44:in `call'
  actionpack (4.0.4) lib/action_dispatch/journey/router.rb:71:in `block in call'
  actionpack (4.0.4) lib/action_dispatch/journey/router.rb:59:in `each'
  actionpack (4.0.4) lib/action_dispatch/journey/router.rb:59:in `call'
  actionpack (4.0.4) lib/action_dispatch/routing/route_set.rb:674:in `call'
  rack (1.5.2) lib/rack/etag.rb:23:in `call'
  rack (1.5.2) lib/rack/conditionalget.rb:25:in `call'
  rack (1.5.2) lib/rack/head.rb:11:in `call'
  actionpack (4.0.4) lib/action_dispatch/middleware/params_parser.rb:27:in `call'
  actionpack (4.0.4) lib/action_dispatch/middleware/flash.rb:241:in `call'
  rack (1.5.2) lib/rack/session/abstract/id.rb:225:in `context'
  rack (1.5.2) lib/rack/session/abstract/id.rb:220:in `call'
  actionpack (4.0.4) lib/action_dispatch/middleware/cookies.rb:486:in `call'
  activerecord (4.0.4) lib/active_record/query_cache.rb:36:in `call'
  activerecord (4.0.4) lib/active_record/connection_adapters/abstract/connection_pool.rb:626:in `call'
  activerecord (4.0.4) lib/active_record/migration.rb:373:in `call'
  actionpack (4.0.4) lib/action_dispatch/middleware/callbacks.rb:29:in `block in call'
  activesupport (4.0.4) lib/active_support/callbacks.rb:373:in `_run__1427611503982371850__call__callbacks'
  activesupport (4.0.4) lib/active_support/callbacks.rb:80:in `run_callbacks'
  actionpack (4.0.4) lib/action_dispatch/middleware/callbacks.rb:27:in `call'
  actionpack (4.0.4) lib/action_dispatch/middleware/reloader.rb:64:in `call'
  actionpack (4.0.4) lib/action_dispatch/middleware/remote_ip.rb:76:in `call'
  actionpack (4.0.4) lib/action_dispatch/middleware/debug_exceptions.rb:17:in `call'
  actionpack (4.0.4) lib/action_dispatch/middleware/show_exceptions.rb:30:in `call'
  railties (4.0.4) lib/rails/rack/logger.rb:38:in `call_app'
  railties (4.0.4) lib/rails/rack/logger.rb:20:in `block in call'
  activesupport (4.0.4) lib/active_support/tagged_logging.rb:68:in `block in tagged'
  activesupport (4.0.4) lib/active_support/tagged_logging.rb:26:in `tagged'
  activesupport (4.0.4) lib/active_support/tagged_logging.rb:68:in `tagged'
  railties (4.0.4) lib/rails/rack/logger.rb:20:in `call'
  actionpack (4.0.4) lib/action_dispatch/middleware/request_id.rb:21:in `call'
  rack (1.5.2) lib/rack/methodoverride.rb:21:in `call'
  rack (1.5.2) lib/rack/runtime.rb:17:in `call'
  activesupport (4.0.4) lib/active_support/cache/strategy/local_cache.rb:83:in `call'
  rack (1.5.2) lib/rack/lock.rb:17:in `call'
  actionpack (4.0.4) lib/action_dispatch/middleware/static.rb:64:in `call'
  rack (1.5.2) lib/rack/sendfile.rb:112:in `call'
  railties (4.0.4) lib/rails/engine.rb:511:in `call'
  railties (4.0.4) lib/rails/application.rb:97:in `call'
  rack (1.5.2) lib/rack/lock.rb:17:in `call'
  rack (1.5.2) lib/rack/content_length.rb:14:in `call'
  rack (1.5.2) lib/rack/handler/webrick.rb:60:in `service'
  /home/gustav/.rvm/rubies/ruby-1.9.3-p392/lib/ruby/1.9.1/webrick/httpserver.rb:138:in `service'
  /home/gustav/.rvm/rubies/ruby-1.9.3-p392/lib/ruby/1.9.1/webrick/httpserver.rb:94:in `run'
  /home/gustav/.rvm/rubies/ruby-1.9.3-p392/lib/ruby/1.9.1/webrick/server.rb:191:in `block in start_thread'


  Rendered /home/gustav/.rvm/gems/ruby-1.9.3-p392/gems/actionpack-4.0.4/lib/action_dispatch/middleware/templates/rescues/_trace.erb (0.7ms)
  Rendered /home/gustav/.rvm/gems/ruby-1.9.3-p392/gems/actionpack-4.0.4/lib/action_dispatch/middleware/templates/routes/_route.html.erb (0.4ms)
  Rendered /home/gustav/.rvm/gems/ruby-1.9.3-p392/gems/actionpack-4.0.4/lib/action_dispatch/middleware/templates/routes/_table.html.erb (0.7ms)
  Rendered /home/gustav/.rvm/gems/ruby-1.9.3-p392/gems/actionpack-4.0.4/lib/action_dispatch/middleware/templates/rescues/routing_error.erb within rescues/layout (9.3ms)


Started GET "/" for 127.0.0.1 at 2014-04-11 16:07:49 +0200

ActionController::RoutingError (uninitialized constant WelcomeController):
  activesupport (4.0.4) lib/active_support/inflector/methods.rb:226:in `const_get'
  activesupport (4.0.4) lib/active_support/inflector/methods.rb:226:in `block in constantize'
  activesupport (4.0.4) lib/active_support/inflector/methods.rb:224:in `each'
  activesupport (4.0.4) lib/active_support/inflector/methods.rb:224:in `inject'
  activesupport (4.0.4) lib/active_support/inflector/methods.rb:224:in `constantize'
  actionpack (4.0.4) lib/action_dispatch/routing/route_set.rb:76:in `controller_reference'
  actionpack (4.0.4) lib/action_dispatch/routing/route_set.rb:66:in `controller'
  actionpack (4.0.4) lib/action_dispatch/routing/route_set.rb:44:in `call'
  actionpack (4.0.4) lib/action_dispatch/journey/router.rb:71:in `block in call'
  actionpack (4.0.4) lib/action_dispatch/journey/router.rb:59:in `each'
  actionpack (4.0.4) lib/action_dispatch/journey/router.rb:59:in `call'
  actionpack (4.0.4) lib/action_dispatch/routing/route_set.rb:674:in `call'
  rack (1.5.2) lib/rack/etag.rb:23:in `call'
  rack (1.5.2) lib/rack/conditionalget.rb:25:in `call'
  rack (1.5.2) lib/rack/head.rb:11:in `call'
  actionpack (4.0.4) lib/action_dispatch/middleware/params_parser.rb:27:in `call'
  actionpack (4.0.4) lib/action_dispatch/middleware/flash.rb:241:in `call'
  rack (1.5.2) lib/rack/session/abstract/id.rb:225:in `context'
  rack (1.5.2) lib/rack/session/abstract/id.rb:220:in `call'
  actionpack (4.0.4) lib/action_dispatch/middleware/cookies.rb:486:in `call'
  activerecord (4.0.4) lib/active_record/query_cache.rb:36:in `call'
  activerecord (4.0.4) lib/active_record/connection_adapters/abstract/connection_pool.rb:626:in `call'
  activerecord (4.0.4) lib/active_record/migration.rb:373:in `call'
  actionpack (4.0.4) lib/action_dispatch/middleware/callbacks.rb:29:in `block in call'
  activesupport (4.0.4) lib/active_support/callbacks.rb:373:in `_run__1427611503982371850__call__callbacks'
  activesupport (4.0.4) lib/active_support/callbacks.rb:80:in `run_callbacks'
  actionpack (4.0.4) lib/action_dispatch/middleware/callbacks.rb:27:in `call'
  actionpack (4.0.4) lib/action_dispatch/middleware/reloader.rb:64:in `call'
  actionpack (4.0.4) lib/action_dispatch/middleware/remote_ip.rb:76:in `call'
  actionpack (4.0.4) lib/action_dispatch/middleware/debug_exceptions.rb:17:in `call'
  actionpack (4.0.4) lib/action_dispatch/middleware/show_exceptions.rb:30:in `call'
  railties (4.0.4) lib/rails/rack/logger.rb:38:in `call_app'
  railties (4.0.4) lib/rails/rack/logger.rb:20:in `block in call'
  activesupport (4.0.4) lib/active_support/tagged_logging.rb:68:in `block in tagged'
  activesupport (4.0.4) lib/active_support/tagged_logging.rb:26:in `tagged'
  activesupport (4.0.4) lib/active_support/tagged_logging.rb:68:in `tagged'
  railties (4.0.4) lib/rails/rack/logger.rb:20:in `call'
  actionpack (4.0.4) lib/action_dispatch/middleware/request_id.rb:21:in `call'
  rack (1.5.2) lib/rack/methodoverride.rb:21:in `call'
  rack (1.5.2) lib/rack/runtime.rb:17:in `call'
  activesupport (4.0.4) lib/active_support/cache/strategy/local_cache.rb:83:in `call'
  rack (1.5.2) lib/rack/lock.rb:17:in `call'
  actionpack (4.0.4) lib/action_dispatch/middleware/static.rb:64:in `call'
  rack (1.5.2) lib/rack/sendfile.rb:112:in `call'
  railties (4.0.4) lib/rails/engine.rb:511:in `call'
  railties (4.0.4) lib/rails/application.rb:97:in `call'
  rack (1.5.2) lib/rack/lock.rb:17:in `call'
  rack (1.5.2) lib/rack/content_length.rb:14:in `call'
  rack (1.5.2) lib/rack/handler/webrick.rb:60:in `service'
  /home/gustav/.rvm/rubies/ruby-1.9.3-p392/lib/ruby/1.9.1/webrick/httpserver.rb:138:in `service'
  /home/gustav/.rvm/rubies/ruby-1.9.3-p392/lib/ruby/1.9.1/webrick/httpserver.rb:94:in `run'
  /home/gustav/.rvm/rubies/ruby-1.9.3-p392/lib/ruby/1.9.1/webrick/server.rb:191:in `block in start_thread'


  Rendered /home/gustav/.rvm/gems/ruby-1.9.3-p392/gems/actionpack-4.0.4/lib/action_dispatch/middleware/templates/rescues/_trace.erb (0.8ms)
  Rendered /home/gustav/.rvm/gems/ruby-1.9.3-p392/gems/actionpack-4.0.4/lib/action_dispatch/middleware/templates/routes/_route.html.erb (0.4ms)
  Rendered /home/gustav/.rvm/gems/ruby-1.9.3-p392/gems/actionpack-4.0.4/lib/action_dispatch/middleware/templates/routes/_table.html.erb (0.7ms)
  Rendered /home/gustav/.rvm/gems/ruby-1.9.3-p392/gems/actionpack-4.0.4/lib/action_dispatch/middleware/templates/rescues/routing_error.erb within rescues/layout (9.6ms)
  [1m[36m (9.3ms)[0m  [1mCREATE TABLE "schema_migrations" ("version" character varying(255) NOT NULL) [0m
  [1m[35m (19.2ms)[0m  CREATE UNIQUE INDEX "unique_schema_migrations" ON "schema_migrations" ("version")
  [1m[36mActiveRecord::SchemaMigration Load (0.5ms)[0m  [1mSELECT "schema_migrations".* FROM "schema_migrations"[0m
Migrating to DeviseCreateUsers (20140411141056)
  [1m[35m (0.2ms)[0m  BEGIN
  [1m[36m (22.0ms)[0m  [1mCREATE TABLE "users" ("id" serial primary key, "email" character varying(255) DEFAULT '' NOT NULL, "encrypted_password" character varying(255) DEFAULT '' NOT NULL, "reset_password_token" character varying(255), "reset_password_sent_at" timestamp, "remember_created_at" timestamp, "sign_in_count" integer DEFAULT 0 NOT NULL, "current_sign_in_at" timestamp, "last_sign_in_at" timestamp, "current_sign_in_ip" character varying(255), "last_sign_in_ip" character varying(255), "created_at" timestamp, "updated_at" timestamp) [0m
  [1m[35m (11.8ms)[0m  CREATE UNIQUE INDEX "index_users_on_email" ON "users" ("email")
  [1m[36m (13.1ms)[0m  [1mCREATE UNIQUE INDEX "index_users_on_reset_password_token" ON "users" ("reset_password_token")[0m
  [1m[35mSQL (0.9ms)[0m  INSERT INTO "schema_migrations" ("version") VALUES ($1)  [["version", "20140411141056"]]
  [1m[36m (3.3ms)[0m  [1mCOMMIT[0m
  [1m[35mActiveRecord::SchemaMigration Load (0.5ms)[0m  SELECT "schema_migrations".* FROM "schema_migrations"
